2025-09-15T03:05:06.968-03:00  INFO 97492 --- [main] b.c.g.GestaoColaboradoresApiApplication  : Starting GestaoColaboradoresApiApplication using Java 17.0.2 with PID 97492 (/home/thalita/Documents/Projects/Java/gestao-colaboradores/target/classes started by thalita in /home/thalita/Documents/Projects/Java/gestao-colaboradores)
2025-09-15T03:05:06.971-03:00  INFO 97492 --- [main] b.c.g.GestaoColaboradoresApiApplication  : No active profile set, falling back to 1 default profile: "default"
2025-09-15T03:05:07.245-03:00  INFO 97492 --- [main] .s.d.r.c.RepositoryConfigurationDelegate : Bootstrapping Spring Data JPA repositories in DEFAULT mode.
2025-09-15T03:05:07.275-03:00  INFO 97492 --- [main] .s.d.r.c.RepositoryConfigurationDelegate : Finished Spring Data repository scanning in 26 ms. Found 3 JPA repository interfaces.
2025-09-15T03:05:07.465-03:00  INFO 97492 --- [main] o.s.b.w.embedded.tomcat.TomcatWebServer  : Tomcat initialized with port 5000 (http)
2025-09-15T03:05:07.470-03:00  INFO 97492 --- [main] o.apache.catalina.core.StandardService   : Starting service [Tomcat]
2025-09-15T03:05:07.471-03:00  INFO 97492 --- [main] o.apache.catalina.core.StandardEngine    : Starting Servlet engine: [Apache Tomcat/10.1.44]
2025-09-15T03:05:07.506-03:00  INFO 97492 --- [main] o.a.c.c.C.[Tomcat].[localhost].[/]       : Initializing Spring embedded WebApplicationContext
2025-09-15T03:05:07.506-03:00  INFO 97492 --- [main] w.s.c.ServletWebServerApplicationContext : Root WebApplicationContext: initialization completed in 519 ms
2025-09-15T03:05:07.597-03:00  INFO 97492 --- [main] com.zaxxer.hikari.HikariDataSource       : HikariPool-1 - Starting...
2025-09-15T03:05:07.702-03:00  INFO 97492 --- [main] com.zaxxer.hikari.pool.HikariPool        : HikariPool-1 - Added connection org.postgresql.jdbc.PgConnection@56cfe6be
2025-09-15T03:05:07.702-03:00  INFO 97492 --- [main] com.zaxxer.hikari.HikariDataSource       : HikariPool-1 - Start completed.
2025-09-15T03:05:07.714-03:00  INFO 97492 --- [main] org.flywaydb.core.FlywayExecutor         : Database: jdbc:postgresql://localhost:5432/gestaocolaboradores (PostgreSQL 17.6)
2025-09-15T03:05:07.734-03:00  INFO 97492 --- [main] o.f.core.internal.command.DbValidate     : Successfully validated 3 migrations (execution time 00:00.011s)
2025-09-15T03:05:07.750-03:00  INFO 97492 --- [main] o.f.core.internal.command.DbMigrate      : Current version of schema "public": 3
2025-09-15T03:05:07.752-03:00  INFO 97492 --- [main] o.f.core.internal.command.DbMigrate      : Schema "public" is up to date. No migration necessary.
2025-09-15T03:05:07.780-03:00  INFO 97492 --- [main] o.hibernate.jpa.internal.util.LogHelper  : HHH000204: Processing PersistenceUnitInfo [name: default]
2025-09-15T03:05:07.795-03:00  INFO 97492 --- [main] org.hibernate.Version                    : HHH000412: Hibernate ORM core version 6.6.26.Final
2025-09-15T03:05:07.806-03:00  INFO 97492 --- [main] o.h.c.internal.RegionFactoryInitiator    : HHH000026: Second-level cache disabled
2025-09-15T03:05:07.891-03:00  INFO 97492 --- [main] o.s.o.j.p.SpringPersistenceUnitInfo      : No LoadTimeWeaver setup: ignoring JPA class transformer
2025-09-15T03:05:07.908-03:00  WARN 97492 --- [main] org.hibernate.orm.deprecation            : HHH90000025: PostgreSQLDialect does not need to be specified explicitly using 'hibernate.dialect' (remove the property setting and it will be selected by default)
2025-09-15T03:05:07.914-03:00  INFO 97492 --- [main] org.hibernate.orm.connections.pooling    : HHH10001005: Database info:
	Database JDBC URL [Connecting through datasource 'HikariDataSource (HikariPool-1)']
	Database driver: undefined/unknown
	Database version: 17.6
	Autocommit mode: undefined/unknown
	Isolation level: undefined/unknown
	Minimum pool size: undefined/unknown
	Maximum pool size: undefined/unknown
2025-09-15T03:05:08.202-03:00  INFO 97492 --- [main] o.h.e.t.j.p.i.JtaPlatformInitiator       : HHH000489: No JTA platform available (set 'hibernate.transaction.jta.platform' to enable JTA platform integration)
2025-09-15T03:05:08.214-03:00  INFO 97492 --- [main] j.LocalContainerEntityManagerFactoryBean : Initialized JPA EntityManagerFactory for persistence unit 'default'
2025-09-15T03:05:08.332-03:00  INFO 97492 --- [main] o.s.d.j.r.query.QueryEnhancerFactory     : Hibernate is in classpath; If applicable, HQL parser will be used.
2025-09-15T03:05:08.526-03:00  WARN 97492 --- [main] JpaBaseConfiguration$JpaWebConfiguration : spring.jpa.open-in-view is enabled by default. Therefore, database queries may be performed during view rendering. Explicitly configure spring.jpa.open-in-view to disable this warning
2025-09-15T03:05:08.701-03:00  WARN 97492 --- [main] ConfigServletWebServerApplicationContext : Exception encountered during context initialization - cancelling refresh attempt: org.springframework.context.ApplicationContextException: Failed to start bean 'webServerStartStop'
2025-09-15T03:05:08.702-03:00  INFO 97492 --- [main] j.LocalContainerEntityManagerFactoryBean : Closing JPA EntityManagerFactory for persistence unit 'default'
2025-09-15T03:05:08.703-03:00  INFO 97492 --- [main] com.zaxxer.hikari.HikariDataSource       : HikariPool-1 - Shutdown initiated...
2025-09-15T03:05:08.704-03:00  INFO 97492 --- [main] com.zaxxer.hikari.HikariDataSource       : HikariPool-1 - Shutdown completed.
2025-09-15T03:05:08.711-03:00  INFO 97492 --- [main] .s.b.a.l.ConditionEvaluationReportLogger : 

Error starting ApplicationContext. To display the condition evaluation report re-run your application with 'debug' enabled.
2025-09-15T03:05:08.717-03:00 ERROR 97492 --- [main] o.s.b.d.LoggingFailureAnalysisReporter   : 

***************************
APPLICATION FAILED TO START
***************************

Description:

Web server failed to start. Port 5000 was already in use.

Action:

Identify and stop the process that's listening on port 5000 or configure this application to listen on another port.

2025-09-15T03:05:13.182-03:00  INFO 97904 --- [main] b.c.g.GestaoColaboradoresApiApplication  : Starting GestaoColaboradoresApiApplication v0.0.1-SNAPSHOT using Java 17.0.2 with PID 97904 (/home/thalita/Documents/Projects/Java/gestao-colaboradores/target/gestao-colaboradores-api-0.0.1-SNAPSHOT.jar started by thalita in /home/thalita/Documents/Projects/Java/gestao-colaboradores)
2025-09-15T03:05:13.184-03:00  INFO 97904 --- [main] b.c.g.GestaoColaboradoresApiApplication  : No active profile set, falling back to 1 default profile: "default"
2025-09-15T03:05:13.603-03:00  INFO 97904 --- [main] .s.d.r.c.RepositoryConfigurationDelegate : Bootstrapping Spring Data JPA repositories in DEFAULT mode.
2025-09-15T03:05:13.633-03:00  INFO 97904 --- [main] .s.d.r.c.RepositoryConfigurationDelegate : Finished Spring Data repository scanning in 25 ms. Found 3 JPA repository interfaces.
2025-09-15T03:05:13.908-03:00  INFO 97904 --- [main] o.s.b.w.embedded.tomcat.TomcatWebServer  : Tomcat initialized with port 5000 (http)
2025-09-15T03:05:13.916-03:00  INFO 97904 --- [main] o.apache.catalina.core.StandardService   : Starting service [Tomcat]
2025-09-15T03:05:13.917-03:00  INFO 97904 --- [main] o.apache.catalina.core.StandardEngine    : Starting Servlet engine: [Apache Tomcat/10.1.44]
2025-09-15T03:05:13.935-03:00  INFO 97904 --- [main] o.a.c.c.C.[Tomcat].[localhost].[/]       : Initializing Spring embedded WebApplicationContext
2025-09-15T03:05:13.936-03:00  INFO 97904 --- [main] w.s.c.ServletWebServerApplicationContext : Root WebApplicationContext: initialization completed in 731 ms
2025-09-15T03:05:14.115-03:00  INFO 97904 --- [main] com.zaxxer.hikari.HikariDataSource       : HikariPool-1 - Starting...
2025-09-15T03:05:14.243-03:00  INFO 97904 --- [main] com.zaxxer.hikari.pool.HikariPool        : HikariPool-1 - Added connection org.postgresql.jdbc.PgConnection@626c569b
2025-09-15T03:05:14.244-03:00  INFO 97904 --- [main] com.zaxxer.hikari.HikariDataSource       : HikariPool-1 - Start completed.
2025-09-15T03:05:14.266-03:00  INFO 97904 --- [main] org.flywaydb.core.FlywayExecutor         : Database: jdbc:postgresql://localhost:5432/gestaocolaboradores (PostgreSQL 17.6)
2025-09-15T03:05:14.304-03:00  INFO 97904 --- [main] o.f.core.internal.command.DbValidate     : Successfully validated 3 migrations (execution time 00:00.022s)
2025-09-15T03:05:14.335-03:00  INFO 97904 --- [main] o.f.core.internal.command.DbMigrate      : Current version of schema "public": 3
2025-09-15T03:05:14.338-03:00  INFO 97904 --- [main] o.f.core.internal.command.DbMigrate      : Schema "public" is up to date. No migration necessary.
2025-09-15T03:05:14.390-03:00  INFO 97904 --- [main] o.hibernate.jpa.internal.util.LogHelper  : HHH000204: Processing PersistenceUnitInfo [name: default]
2025-09-15T03:05:14.428-03:00  INFO 97904 --- [main] org.hibernate.Version                    : HHH000412: Hibernate ORM core version 6.6.26.Final
2025-09-15T03:05:14.449-03:00  INFO 97904 --- [main] o.h.c.internal.RegionFactoryInitiator    : HHH000026: Second-level cache disabled
2025-09-15T03:05:14.572-03:00  INFO 97904 --- [main] o.s.o.j.p.SpringPersistenceUnitInfo      : No LoadTimeWeaver setup: ignoring JPA class transformer
2025-09-15T03:05:14.596-03:00  WARN 97904 --- [main] org.hibernate.orm.deprecation            : HHH90000025: PostgreSQLDialect does not need to be specified explicitly using 'hibernate.dialect' (remove the property setting and it will be selected by default)
2025-09-15T03:05:14.602-03:00  INFO 97904 --- [main] org.hibernate.orm.connections.pooling    : HHH10001005: Database info:
	Database JDBC URL [Connecting through datasource 'HikariDataSource (HikariPool-1)']
	Database driver: undefined/unknown
	Database version: 17.6
	Autocommit mode: undefined/unknown
	Isolation level: undefined/unknown
	Minimum pool size: undefined/unknown
	Maximum pool size: undefined/unknown
2025-09-15T03:05:14.954-03:00  INFO 97904 --- [main] o.h.e.t.j.p.i.JtaPlatformInitiator       : HHH000489: No JTA platform available (set 'hibernate.transaction.jta.platform' to enable JTA platform integration)
2025-09-15T03:05:14.969-03:00  INFO 97904 --- [main] j.LocalContainerEntityManagerFactoryBean : Initialized JPA EntityManagerFactory for persistence unit 'default'
2025-09-15T03:05:15.113-03:00  INFO 97904 --- [main] o.s.d.j.r.query.QueryEnhancerFactory     : Hibernate is in classpath; If applicable, HQL parser will be used.
2025-09-15T03:05:15.376-03:00  WARN 97904 --- [main] JpaBaseConfiguration$JpaWebConfiguration : spring.jpa.open-in-view is enabled by default. Therefore, database queries may be performed during view rendering. Explicitly configure spring.jpa.open-in-view to disable this warning
2025-09-15T03:05:15.652-03:00  WARN 97904 --- [main] ConfigServletWebServerApplicationContext : Exception encountered during context initialization - cancelling refresh attempt: org.springframework.context.ApplicationContextException: Failed to start bean 'webServerStartStop'
2025-09-15T03:05:15.653-03:00  INFO 97904 --- [main] j.LocalContainerEntityManagerFactoryBean : Closing JPA EntityManagerFactory for persistence unit 'default'
2025-09-15T03:05:15.655-03:00  INFO 97904 --- [main] com.zaxxer.hikari.HikariDataSource       : HikariPool-1 - Shutdown initiated...
2025-09-15T03:05:15.656-03:00  INFO 97904 --- [main] com.zaxxer.hikari.HikariDataSource       : HikariPool-1 - Shutdown completed.
2025-09-15T03:05:15.673-03:00  INFO 97904 --- [main] .s.b.a.l.ConditionEvaluationReportLogger : 

Error starting ApplicationContext. To display the condition evaluation report re-run your application with 'debug' enabled.
2025-09-15T03:05:15.682-03:00 ERROR 97904 --- [main] o.s.b.d.LoggingFailureAnalysisReporter   : 

***************************
APPLICATION FAILED TO START
***************************

Description:

Web server failed to start. Port 5000 was already in use.

Action:

Identify and stop the process that's listening on port 5000 or configure this application to listen on another port.

